<?xml version="1.0" encoding="UTF-8"?>
<testng-results ignored="0" total="2" passed="2" failed="0" skipped="0">
  <reporter-output>
  </reporter-output>
  <suite started-at="2026-06-16T12:01:58 IST" name="Default Suite" finished-at="2026-06-16T12:02:32 IST" duration-ms="34789">
    <groups>
    </groups>
    <test started-at="2026-06-16T12:01:58 IST" name="AlertHandling_Mini_Project" finished-at="2026-06-16T12:02:32 IST" duration-ms="34789">
      <class name="AlertHandlingTestng">
        <test-method is-config="true" signature="setitup(java.lang.reflect.Method)[pri:0, instance:AlertHandlingTestng@5b068087]" started-at="2026-06-16T12:01:58 IST" name="setitup" finished-at="2026-06-16T12:02:09 IST" duration-ms="11178" status="PASS">
          <params>
            <param index="0">
              <value>
                <![CDATA[public void AlertHandlingTestng.runTest1()]]>
              </value>
            </param>
          </params>
          <reporter-output>
          </reporter-output>
        </test-method> <!-- setitup -->
        <test-method signature="runTest1()[pri:0, instance:AlertHandlingTestng@5b068087]" started-at="2026-06-16T12:02:09 IST" name="runTest1" finished-at="2026-06-16T12:02:12 IST" duration-ms="2808" status="PASS">
          <reporter-output>
          </reporter-output>
        </test-method> <!-- runTest1 -->
        <test-method is-config="true" signature="tearitdown()[pri:0, instance:AlertHandlingTestng@5b068087]" started-at="2026-06-16T12:02:12 IST" name="tearitdown" finished-at="2026-06-16T12:02:17 IST" duration-ms="4979" status="PASS">
          <reporter-output>
          </reporter-output>
        </test-method> <!-- tearitdown -->
        <test-method is-config="true" signature="setitup(java.lang.reflect.Method)[pri:0, instance:AlertHandlingTestng@5b068087]" started-at="2026-06-16T12:02:17 IST" name="setitup" finished-at="2026-06-16T12:02:26 IST" duration-ms="9120" status="PASS">
          <params>
            <param index="0">
              <value>
                <![CDATA[public void AlertHandlingTestng.runtest2()]]>
              </value>
            </param>
          </params>
          <reporter-output>
          </reporter-output>
        </test-method> <!-- setitup -->
        <test-method signature="runtest2()[pri:0, instance:AlertHandlingTestng@5b068087]" started-at="2026-06-16T12:02:26 IST" name="runtest2" finished-at="2026-06-16T12:02:29 IST" duration-ms="2797" status="PASS">
          <reporter-output>
          </reporter-output>
        </test-method> <!-- runtest2 -->
        <test-method is-config="true" signature="tearitdown()[pri:0, instance:AlertHandlingTestng@5b068087]" started-at="2026-06-16T12:02:29 IST" name="tearitdown" finished-at="2026-06-16T12:02:32 IST" duration-ms="3849" status="PASS">
          <reporter-output>
          </reporter-output>
        </test-method> <!-- tearitdown -->
      </class> <!-- AlertHandlingTestng -->
    </test> <!-- AlertHandling_Mini_Project -->
  </suite> <!-- Default Suite -->
</testng-results>
